  Creature.cpp
C:\Users\Viktor\Desktop\Практика\Mario3\Creature.cpp(19,1): warning C4305: инициализация: усечение из "double" в "float"
C:\Users\Viktor\Desktop\Практика\Mario3\Creature.cpp(20,16): warning C4244: =: преобразование "int" в "T", возможна потеря данных
          with
          [
              T=float
          ]
C:\Users\Viktor\Desktop\Практика\Mario3\Creature.cpp(21,15): warning C4244: =: преобразование "int" в "T", возможна потеря данных
          with
          [
              T=float
          ]
C:\Users\Viktor\Desktop\Практика\Mario3\Creature.cpp(22,17): warning C4244: =: преобразование "int" в "T", возможна потеря данных
          with
          [
              T=float
          ]
C:\Users\Viktor\Desktop\Практика\Mario3\Creature.cpp(23,18): warning C4244: =: преобразование "int" в "T", возможна потеря данных
          with
          [
              T=float
          ]
C:\Users\Viktor\Desktop\Практика\Mario3\Creature.cpp(24,30): warning C4244: аргумент: преобразование "int" в "float", возможна потеря данных
C:\Users\Viktor\Desktop\Практика\Mario3\Creature.cpp(24,25): warning C4244: аргумент: преобразование "int" в "float", возможна потеря данных
C:\Users\Viktor\Desktop\Практика\Mario3\Creature.cpp(87,16): warning C4244: инициализация: преобразование "float" в "int", возможна потеря данных
C:\Users\Viktor\Desktop\Практика\Mario3\Creature.cpp(88,20): warning C4244: инициализация: преобразование "float" в "int", возможна потеря данных
C:\Users\Viktor\Desktop\Практика\Mario3\Creature.cpp(91,53): warning C4244: =: преобразование "int" в "float", возможна потеря данных
C:\Users\Viktor\Desktop\Практика\Mario3\Creature.cpp(92,54): warning C4244: =: преобразование "int" в "float", возможна потеря данных
C:\Users\Viktor\Desktop\Практика\Mario3\Creature.cpp(111,16): warning C4244: инициализация: преобразование "float" в "int", возможна потеря данных
C:\Users\Viktor\Desktop\Практика\Mario3\Creature.cpp(112,20): warning C4244: инициализация: преобразование "float" в "int", возможна потеря данных
C:\Users\Viktor\Desktop\Практика\Mario3\Creature.cpp(115,56): warning C4244: =: преобразование "int" в "float", возможна потеря данных
C:\Users\Viktor\Desktop\Практика\Mario3\Creature.cpp(116,56): warning C4244: =: преобразование "int" в "float", возможна потеря данных
  Enemy.cpp
C:\Users\Viktor\Desktop\Практика\Mario3\Enemy.cpp(41,16): warning C4244: =: преобразование "float" в "int", возможна потеря данных
C:\Users\Viktor\Desktop\Практика\Mario3\Enemy.cpp(47,16): warning C4244: =: преобразование "float" в "int", возможна потеря данных
  Hero.cpp
C:\Users\Viktor\Desktop\Практика\Mario3\Hero.cpp(16,27): warning C4244: инициализация: преобразование "float" в "int", возможна потеря данных
C:\Users\Viktor\Desktop\Практика\Mario3\Hero.cpp(17,28): warning C4244: инициализация: преобразование "float" в "int", возможна потеря данных
C:\Users\Viktor\Desktop\Практика\Mario3\Hero.cpp(18,71): warning C4244: аргумент: преобразование "int" в "T", возможна потеря данных
          with
          [
              T=float
          ]
C:\Users\Viktor\Desktop\Практика\Mario3\Hero.cpp(18,60): warning C4244: аргумент: преобразование "int" в "T", возможна потеря данных
          with
          [
              T=float
          ]
C:\Users\Viktor\Desktop\Практика\Mario3\Hero.cpp(21,71): warning C4244: аргумент: преобразование "int" в "T", возможна потеря данных
          with
          [
              T=float
          ]
C:\Users\Viktor\Desktop\Практика\Mario3\Hero.cpp(21,60): warning C4244: аргумент: преобразование "int" в "T", возможна потеря данных
          with
          [
              T=float
          ]
C:\Users\Viktor\Desktop\Практика\Mario3\Hero.cpp(59,58): warning C4244: +=: преобразование "double" в "float", возможна потеря данных
C:\Users\Viktor\Desktop\Практика\Mario3\Hero.cpp(69,58): warning C4244: +=: преобразование "double" в "float", возможна потеря данных
C:\Users\Viktor\Desktop\Практика\Mario3\Hero.cpp(98,34): warning C4244: +=: преобразование "double" в "float", возможна потеря данных
  Manager.cpp
  Map.cpp
C:\Users\Viktor\Desktop\Практика\Mario3\Map.cpp(34,32): warning C4244: аргумент: преобразование "int" в "float", возможна потеря данных
C:\Users\Viktor\Desktop\Практика\Mario3\Map.cpp(34,24): warning C4244: аргумент: преобразование "int" в "float", возможна потеря данных
C:\Users\Viktor\Desktop\Практика\Mario3\Map.cpp(49,76): warning C4305: аргумент: усечение из "double" в "float"
C:\Users\Viktor\Desktop\Практика\Mario3\Map.cpp(50,77): warning C4305: аргумент: усечение из "double" в "float"
C:\Users\Viktor\Desktop\Практика\Mario3\Map.cpp(51,102): warning C4305: аргумент: усечение из "double" в "float"
C:\Users\Viktor\Desktop\Практика\Mario3\Map.cpp(52,103): warning C4305: аргумент: усечение из "double" в "float"
C:\Users\Viktor\Desktop\Практика\Mario3\Map.cpp(107,35): warning C4267: =: преобразование из "size_t" в "int"; возможна потеря данных
  Source.cpp
C:\Users\Viktor\Desktop\Практика\Mario3\Meny.h(7,28): warning C4244: +=: преобразование "double" в "float", возможна потеря данных
C:\Users\Viktor\Desktop\Практика\Mario3\Meny.h(11,12): warning C4244: =: преобразование "double" в "float", возможна потеря данных
C:\Users\Viktor\Desktop\Практика\Mario3\Meny.h(16,29): warning C4244: +=: преобразование "double" в "float", возможна потеря данных
C:\Users\Viktor\Desktop\Практика\Mario3\Meny.h(20,12): warning C4244: =: преобразование "double" в "float", возможна потеря данных
C:\Users\Viktor\Desktop\Практика\Mario3\Meny.h(45,28): warning C4244: аргумент: преобразование "int" в "float", возможна потеря данных
C:\Users\Viktor\Desktop\Практика\Mario3\Meny.h(55,28): warning C4244: аргумент: преобразование "int" в "float", возможна потеря данных
C:\Users\Viktor\Desktop\Практика\Mario3\Meny.h(63,14): warning C4244: инициализация: преобразование "sf::Int64" в "float", возможна потеря данных
C:\Users\Viktor\Desktop\Практика\Mario3\Meny.h(75,193): warning C4244: аргумент: преобразование "int" в "float", возможна потеря данных
C:\Users\Viktor\Desktop\Практика\Mario3\Meny.h(81,196): warning C4244: аргумент: преобразование "int" в "float", возможна потеря данных
C:\Users\Viktor\Desktop\Практика\Mario3\Source.cpp(61,20): warning C4244: инициализация: преобразование "sf::Int64" в "float", возможна потеря данных
  interface.cpp
  Создание кода...
  Mario3.vcxproj -> C:\Users\Viktor\Desktop\Практика\Mario3\x64\Debug\Mario3.exe
